# JRE version: OpenJDK Runtime Environment Temurin-21.0.12.1+1 (21.0.12.1+1) (build 21.0.12.1+1-LTS)
# Java VM: OpenJDK 64-Bit Server VM Temurin-21.0.12.1+1 (21.0.12.1+1-LTS, mixed mode, tiered, compressed oops, compressed class ptrs, g1 gc, windows-amd64)
GC Precious Log:
 CardTable entry size: 512
 Card Set container configuration: InlinePtr #cards 4 size 8 Array Of Cards #cards 16 size 48 Howl #buckets 8 coarsen threshold 3686 Howl Bitmap #cards 512 size 80 coarsen threshold 460 Card regions per heap region 1 cards per card region 4096
 CPUs: 12 total, 12 available
 Memory: 16024M
 Large Page Support: Disabled
 NUMA Support: Disabled
 Compressed Oops: Enabled (Zero based)
 Heap Region Size: 2M
 Heap Min Capacity: 8M
 Heap Initial Capacity: 252M
 Heap Max Capacity: 4008M
 Pre-touch: Disabled
 Parallel Workers: 10
 Concurrent Workers: 3
 Concurrent Refinement Workers: 10
 Periodic GC: Disabled
Heap:
 garbage-first heap   total 266240K, used 55280K [0x00000006c5800000, 0x00000007c0000000)
  region size 2048K, 1 young (2048K), 1 survivors (2048K)
 Metaspace       used 73968K, committed 75392K, reserved 1179648K
  class space    used 7626K, committed 8256K, reserved 1048576K
GC Heap History (20 events):
Event: 12.756 GC heap before
{Heap before GC invocations=23 (full 0):
 garbage-first heap   total 83968K, used 69001K [0x00000006c5800000, 0x00000007c0000000)
  region size 2048K, 16 young (32768K), 3 survivors (6144K)
 Metaspace       used 61931K, committed 63232K, reserved 1114112K
  class space    used 6566K, committed 7168K, reserved 1048576K
}
Event: 12.760 GC heap after
{Heap after GC invocations=24 (full 0):
 garbage-first heap   total 83968K, used 47211K [0x00000006c5800000, 0x00000007c0000000)
  region size 2048K, 1 young (2048K), 1 survivors (2048K)
 Metaspace       used 61931K, committed 63232K, reserved 1114112K
  class space    used 6566K, committed 7168K, reserved 1048576K
}
Event: 13.175 GC heap before
{Heap before GC invocations=24 (full 0):
 garbage-first heap   total 83968K, used 69739K [0x00000006c5800000, 0x00000007c0000000)
  region size 2048K, 13 young (26624K), 1 survivors (2048K)
 Metaspace       used 63362K, committed 64704K, reserved 1114112K
  class space    used 6684K, committed 7296K, reserved 1048576K
}
Event: 13.178 GC heap after
{Heap after GC invocations=25 (full 0):
 garbage-first heap   total 83968K, used 45847K [0x00000006c5800000, 0x00000007c0000000)
  region size 2048K, 1 young (2048K), 1 survivors (2048K)
 Metaspace       used 63362K, committed 64704K, reserved 1114112K
  class space    used 6684K, committed 7296K, reserved 1048576K
}
Event: 13.938 GC heap before
{Heap before GC invocations=26 (full 0):
 garbage-first heap   total 83968K, used 70423K [0x00000006c5800000, 0x00000007c0000000)
  region size 2048K, 14 young (28672K), 1 survivors (2048K)
 Metaspace       used 65777K, committed 67072K, reserved 1114112K
  class space    used 6951K, committed 7552K, reserved 1048576K
}
Event: 13.940 GC heap after
{Heap after GC invocations=27 (full 0):
 garbage-first heap   total 83968K, used 46386K [0x00000006c5800000, 0x00000007c0000000)
  region size 2048K, 1 young (2048K), 1 survivors (2048K)
 Metaspace       used 65777K, committed 67072K, reserved 1114112K
  class space    used 6951K, committed 7552K, reserved 1048576K
}
Event: 14.476 GC heap before
{Heap before GC invocations=27 (full 0):
 garbage-first heap   total 83968K, used 73010K [0x00000006c5800000, 0x00000007c0000000)
  region size 2048K, 14 young (28672K), 1 survivors (2048K)
 Metaspace       used 68325K, committed 69696K, reserved 1114112K
  class space    used 7230K, committed 7808K, reserved 1048576K
}
Event: 14.481 GC heap after
{Heap after GC invocations=28 (full 0):
 garbage-first heap   total 83968K, used 46862K [0x00000006c5800000, 0x00000007c0000000)
  region size 2048K, 2 young (4096K), 2 survivors (4096K)
 Metaspace       used 68325K, committed 69696K, reserved 1114112K
  class space    used 7230K, committed 7808K, reserved 1048576K
}
Event: 15.372 GC heap before
{Heap before GC invocations=28 (full 0):
 garbage-first heap   total 83968K, used 71438K [0x00000006c5800000, 0x00000007c0000000)
  region size 2048K, 15 young (30720K), 2 survivors (4096K)
 Metaspace       used 70095K, committed 71488K, reserved 1114112K
  class space    used 7359K, committed 8000K, reserved 1048576K
}
Event: 15.380 GC heap after
{Heap after GC invocations=29 (full 0):
 garbage-first heap   total 83968K, used 49274K [0x00000006c5800000, 0x00000007c0000000)
  region size 2048K, 2 young (4096K), 2 survivors (4096K)
 Metaspace       used 70095K, committed 71488K, reserved 1114112K
  class space    used 7359K, committed 8000K, reserved 1048576K
}
Event: 16.002 GC heap before
{Heap before GC invocations=30 (full 0):
 garbage-first heap   total 86016K, used 71802K [0x00000006c5800000, 0x00000007c0000000)
  region size 2048K, 14 young (28672K), 2 survivors (4096K)
 Metaspace       used 71828K, committed 73280K, reserved 1179648K
  class space    used 7552K, committed 8192K, reserved 1048576K
}
Event: 16.009 GC heap after
{Heap after GC invocations=31 (full 0):
 garbage-first heap   total 86016K, used 52417K [0x00000006c5800000, 0x00000007c0000000)
  region size 2048K, 2 young (4096K), 2 survivors (4096K)
 Metaspace       used 71828K, committed 73280K, reserved 1179648K
  class space    used 7552K, committed 8192K, reserved 1048576K
}
Event: 17.547 GC heap before
{Heap before GC invocations=31 (full 0):
 garbage-first heap   total 86016K, used 76993K [0x00000006c5800000, 0x00000007c0000000)
  region size 2048K, 14 young (28672K), 2 survivors (4096K)
 Metaspace       used 72579K, committed 74048K, reserved 1179648K
  class space    used 7580K, committed 8192K, reserved 1048576K
}
Event: 17.555 GC heap after
{Heap after GC invocations=32 (full 0):
 garbage-first heap   total 108544K, used 54825K [0x00000006c5800000, 0x00000007c0000000)
  region size 2048K, 2 young (4096K), 2 survivors (4096K)
 Metaspace       used 72579K, committed 74048K, reserved 1179648K
  class space    used 7580K, committed 8192K, reserved 1048576K
}
Event: 28.386 GC heap before
{Heap before GC invocations=32 (full 0):
 garbage-first heap   total 108544K, used 91689K [0x00000006c5800000, 0x00000007c0000000)
  region size 2048K, 21 young (43008K), 2 survivors (4096K)
 Metaspace       used 73659K, committed 75072K, reserved 1179648K
  class space    used 7624K, committed 8256K, reserved 1048576K
}
Event: 28.388 GC heap after
{Heap after GC invocations=33 (full 0):
 garbage-first heap   total 108544K, used 54776K [0x00000006c5800000, 0x00000007c0000000)
  region size 2048K, 2 young (4096K), 2 survivors (4096K)
 Metaspace       used 73659K, committed 75072K, reserved 1179648K
  class space    used 7624K, committed 8256K, reserved 1048576K
}
Event: 30.880 GC heap before
{Heap before GC invocations=33 (full 0):
 garbage-first heap   total 108544K, used 73208K [0x00000006c5800000, 0x00000007c0000000)
  region size 2048K, 12 young (24576K), 2 survivors (4096K)
 Metaspace       used 73968K, committed 75392K, reserved 1179648K
  class space    used 7626K, committed 8256K, reserved 1048576K
}
Event: 30.883 GC heap after
{Heap after GC invocations=34 (full 0):
 garbage-first heap   total 108544K, used 55254K [0x00000006c5800000, 0x00000007c0000000)
  region size 2048K, 2 young (4096K), 2 survivors (4096K)
 Metaspace       used 73968K, committed 75392K, reserved 1179648K
  class space    used 7626K, committed 8256K, reserved 1048576K
}
Event: 30.884 GC heap before
{Heap before GC invocations=34 (full 0):
 garbage-first heap   total 108544K, used 55254K [0x00000006c5800000, 0x00000007c0000000)
  region size 2048K, 3 young (6144K), 2 survivors (4096K)
 Metaspace       used 73968K, committed 75392K, reserved 1179648K
  class space    used 7626K, committed 8256K, reserved 1048576K
}
Event: 30.886 GC heap after
{Heap after GC invocations=35 (full 0):
 garbage-first heap   total 108544K, used 55280K [0x00000006c5800000, 0x00000007c0000000)
  region size 2048K, 1 young (2048K), 1 survivors (2048K)
 Metaspace       used 73968K, committed 75392K, reserved 1179648K
  class space    used 7626K, committed 8256K, reserved 1048576K
}

