# JRE version: OpenJDK Runtime Environment Temurin-21.0.12.1+1 (21.0.12.1+1) (build 21.0.12.1+1-LTS)
# Java VM: OpenJDK 64-Bit Server VM Temurin-21.0.12.1+1 (21.0.12.1+1-LTS, mixed mode, tiered, compressed oops, compressed class ptrs, g1 gc, windows-amd64)
GC Precious Log:
 CardTable entry size: 512
 Card Set container configuration: InlinePtr #cards 4 size 8 Array Of Cards #cards 16 size 48 Howl #buckets 8 coarsen threshold 3686 Howl Bitmap #cards 512 size 80 coarsen threshold 460 Card regions per heap region 1 cards per card region 4096
 CPUs: 12 total, 12 available
 Memory: 16024M
 Large Page Support: Disabled
 NUMA Support: Disabled
 Compressed Oops: Enabled (Zero based)
 Heap Region Size: 2M
 Heap Min Capacity: 8M
 Heap Initial Capacity: 252M
 Heap Max Capacity: 4008M
 Pre-touch: Disabled
 Parallel Workers: 10
 Concurrent Workers: 3
 Concurrent Refinement Workers: 10
 Periodic GC: Disabled
Heap:
 garbage-first heap   total 266240K, used 57150K [0x00000006c5800000, 0x00000007c0000000)
  region size 2048K, 1 young (2048K), 1 survivors (2048K)
 Metaspace       used 75837K, committed 77312K, reserved 1179648K
  class space    used 7809K, committed 8512K, reserved 1048576K
GC Heap History (20 events):
Event: 17.127 GC heap before
{Heap before GC invocations=14 (full 0):
 garbage-first heap   total 155648K, used 106335K [0x00000006c5800000, 0x00000007c0000000)
  region size 2048K, 45 young (92160K), 4 survivors (8192K)
 Metaspace       used 58530K, committed 59712K, reserved 1114112K
  class space    used 6282K, committed 6784K, reserved 1048576K
}
Event: 17.136 GC heap after
{Heap after GC invocations=15 (full 0):
 garbage-first heap   total 155648K, used 26890K [0x00000006c5800000, 0x00000007c0000000)
  region size 2048K, 5 young (10240K), 5 survivors (10240K)
 Metaspace       used 58530K, committed 59712K, reserved 1114112K
  class space    used 6282K, committed 6784K, reserved 1048576K
}
Event: 17.611 GC heap before
{Heap before GC invocations=15 (full 0):
 garbage-first heap   total 155648K, used 39178K [0x00000006c5800000, 0x00000007c0000000)
  region size 2048K, 12 young (24576K), 5 survivors (10240K)
 Metaspace       used 59195K, committed 60416K, reserved 1114112K
  class space    used 6355K, committed 6912K, reserved 1048576K
}
Event: 17.617 GC heap after
{Heap after GC invocations=16 (full 0):
 garbage-first heap   total 155648K, used 27207K [0x00000006c5800000, 0x00000007c0000000)
  region size 2048K, 2 young (4096K), 2 survivors (4096K)
 Metaspace       used 59195K, committed 60416K, reserved 1114112K
  class space    used 6355K, committed 6912K, reserved 1048576K
}
Event: 18.236 GC heap before
{Heap before GC invocations=17 (full 0):
 garbage-first heap   total 96256K, used 92743K [0x00000006c5800000, 0x00000007c0000000)
  region size 2048K, 35 young (71680K), 2 survivors (4096K)
 Metaspace       used 59912K, committed 61248K, reserved 1114112K
  class space    used 6427K, committed 7040K, reserved 1048576K
}
Event: 18.250 GC heap after
{Heap after GC invocations=18 (full 0):
 garbage-first heap   total 110592K, used 37607K [0x00000006c5800000, 0x00000007c0000000)
  region size 2048K, 6 young (12288K), 6 survivors (12288K)
 Metaspace       used 59912K, committed 61248K, reserved 1114112K
  class space    used 6427K, committed 7040K, reserved 1048576K
}
Event: 19.090 GC heap before
{Heap before GC invocations=18 (full 0):
 garbage-first heap   total 110592K, used 88807K [0x00000006c5800000, 0x00000007c0000000)
  region size 2048K, 32 young (65536K), 6 survivors (12288K)
 Metaspace       used 61951K, committed 63232K, reserved 1114112K
  class space    used 6570K, committed 7168K, reserved 1048576K
}
Event: 19.105 GC heap after
{Heap after GC invocations=19 (full 0):
 garbage-first heap   total 114688K, used 45221K [0x00000006c5800000, 0x00000007c0000000)
  region size 2048K, 4 young (8192K), 4 survivors (8192K)
 Metaspace       used 61951K, committed 63232K, reserved 1114112K
  class space    used 6570K, committed 7168K, reserved 1048576K
}
Event: 20.693 GC heap before
{Heap before GC invocations=19 (full 0):
 garbage-first heap   total 114688K, used 94373K [0x00000006c5800000, 0x00000007c0000000)
  region size 2048K, 29 young (59392K), 4 survivors (8192K)
 Metaspace       used 66193K, committed 67584K, reserved 1114112K
  class space    used 7011K, committed 7616K, reserved 1048576K
}
Event: 20.701 GC heap after
{Heap after GC invocations=20 (full 0):
 garbage-first heap   total 139264K, used 47900K [0x00000006c5800000, 0x00000007c0000000)
  region size 2048K, 2 young (4096K), 2 survivors (4096K)
 Metaspace       used 66193K, committed 67584K, reserved 1114112K
  class space    used 7011K, committed 7616K, reserved 1048576K
}
Event: 22.952 GC heap before
{Heap before GC invocations=20 (full 0):
 garbage-first heap   total 139264K, used 117532K [0x00000006c5800000, 0x00000007c0000000)
  region size 2048K, 37 young (75776K), 2 survivors (4096K)
 Metaspace       used 70179K, committed 71616K, reserved 1114112K
  class space    used 7334K, committed 8000K, reserved 1048576K
}
Event: 22.963 GC heap after
{Heap after GC invocations=21 (full 0):
 garbage-first heap   total 139264K, used 52869K [0x00000006c5800000, 0x00000007c0000000)
  region size 2048K, 5 young (10240K), 5 survivors (10240K)
 Metaspace       used 70179K, committed 71616K, reserved 1114112K
  class space    used 7334K, committed 8000K, reserved 1048576K
}
Event: 90.143 GC heap before
{Heap before GC invocations=21 (full 0):
 garbage-first heap   total 139264K, used 116357K [0x00000006c5800000, 0x00000007c0000000)
  region size 2048K, 36 young (73728K), 5 survivors (10240K)
 Metaspace       used 73084K, committed 74496K, reserved 1179648K
  class space    used 7583K, committed 8192K, reserved 1048576K
}
Event: 90.149 GC heap after
{Heap after GC invocations=22 (full 0):
 garbage-first heap   total 139264K, used 56558K [0x00000006c5800000, 0x00000007c0000000)
  region size 2048K, 4 young (8192K), 4 survivors (8192K)
 Metaspace       used 73084K, committed 74496K, reserved 1179648K
  class space    used 7583K, committed 8192K, reserved 1048576K
}
Event: 120.255 GC heap before
{Heap before GC invocations=22 (full 0):
 garbage-first heap   total 139264K, used 117998K [0x00000006c5800000, 0x00000007c0000000)
  region size 2048K, 33 young (67584K), 4 survivors (8192K)
 Metaspace       used 74904K, committed 76416K, reserved 1179648K
  class space    used 7744K, committed 8384K, reserved 1048576K
}
Event: 120.259 GC heap after
{Heap after GC invocations=23 (full 0):
 garbage-first heap   total 139264K, used 57821K [0x00000006c5800000, 0x00000007c0000000)
  region size 2048K, 1 young (2048K), 1 survivors (2048K)
 Metaspace       used 74904K, committed 76416K, reserved 1179648K
  class space    used 7744K, committed 8384K, reserved 1048576K
}
Event: 129.757 GC heap before
{Heap before GC invocations=23 (full 0):
 garbage-first heap   total 139264K, used 109021K [0x00000006c5800000, 0x00000007c0000000)
  region size 2048K, 27 young (55296K), 1 survivors (2048K)
 Metaspace       used 75837K, committed 77312K, reserved 1179648K
  class space    used 7809K, committed 8512K, reserved 1048576K
}
Event: 129.760 GC heap after
{Heap after GC invocations=24 (full 0):
 garbage-first heap   total 139264K, used 57348K [0x00000006c5800000, 0x00000007c0000000)
  region size 2048K, 1 young (2048K), 1 survivors (2048K)
 Metaspace       used 75837K, committed 77312K, reserved 1179648K
  class space    used 7809K, committed 8512K, reserved 1048576K
}
Event: 129.760 GC heap before
{Heap before GC invocations=24 (full 0):
 garbage-first heap   total 139264K, used 57348K [0x00000006c5800000, 0x00000007c0000000)
  region size 2048K, 1 young (2048K), 1 survivors (2048K)
 Metaspace       used 75837K, committed 77312K, reserved 1179648K
  class space    used 7809K, committed 8512K, reserved 1048576K
}
Event: 129.761 GC heap after
{Heap after GC invocations=25 (full 0):
 garbage-first heap   total 139264K, used 57150K [0x00000006c5800000, 0x00000007c0000000)
  region size 2048K, 1 young (2048K), 1 survivors (2048K)
 Metaspace       used 75837K, committed 77312K, reserved 1179648K
  class space    used 7809K, committed 8512K, reserved 1048576K
}

