# JRE version: OpenJDK Runtime Environment Temurin-21.0.12.1+1 (21.0.12.1+1) (build 21.0.12.1+1-LTS)
# Java VM: OpenJDK 64-Bit Server VM Temurin-21.0.12.1+1 (21.0.12.1+1-LTS, mixed mode, tiered, compressed oops, compressed class ptrs, g1 gc, windows-amd64)
GC Precious Log:
 CardTable entry size: 512
 Card Set container configuration: InlinePtr #cards 4 size 8 Array Of Cards #cards 16 size 48 Howl #buckets 8 coarsen threshold 3686 Howl Bitmap #cards 512 size 80 coarsen threshold 460 Card regions per heap region 1 cards per card region 4096
 CPUs: 12 total, 12 available
 Memory: 16024M
 Large Page Support: Disabled
 NUMA Support: Disabled
 Compressed Oops: Enabled (Zero based)
 Heap Region Size: 2M
 Heap Min Capacity: 8M
 Heap Initial Capacity: 252M
 Heap Max Capacity: 4008M
 Pre-touch: Disabled
 Parallel Workers: 10
 Concurrent Workers: 3
 Concurrent Refinement Workers: 10
 Periodic GC: Disabled
Heap:
 garbage-first heap   total 266240K, used 73350K [0x00000006c5800000, 0x00000007c0000000)
  region size 2048K, 1 young (2048K), 1 survivors (2048K)
 Metaspace       used 91148K, committed 92928K, reserved 1179648K
  class space    used 9125K, committed 9920K, reserved 1048576K
GC Heap History (20 events):
Event: 666.013 GC heap before
{Heap before GC invocations=151 (full 0):
 garbage-first heap   total 141312K, used 129283K [0x00000006c5800000, 0x00000007c0000000)
  region size 2048K, 34 young (69632K), 1 survivors (2048K)
 Metaspace       used 90756K, committed 92544K, reserved 1179648K
  class space    used 9122K, committed 9920K, reserved 1048576K
}
Event: 666.016 GC heap after
{Heap after GC invocations=152 (full 0):
 garbage-first heap   total 141312K, used 67400K [0x00000006c5800000, 0x00000007c0000000)
  region size 2048K, 3 young (6144K), 3 survivors (6144K)
 Metaspace       used 90756K, committed 92544K, reserved 1179648K
  class space    used 9122K, committed 9920K, reserved 1048576K
}
Event: 670.266 GC heap before
{Heap before GC invocations=152 (full 0):
 garbage-first heap   total 141312K, used 130888K [0x00000006c5800000, 0x00000007c0000000)
  region size 2048K, 34 young (69632K), 3 survivors (6144K)
 Metaspace       used 90787K, committed 92544K, reserved 1179648K
  class space    used 9122K, committed 9920K, reserved 1048576K
}
Event: 670.268 GC heap after
{Heap after GC invocations=153 (full 0):
 garbage-first heap   total 141312K, used 67763K [0x00000006c5800000, 0x00000007c0000000)
  region size 2048K, 3 young (6144K), 3 survivors (6144K)
 Metaspace       used 90787K, committed 92544K, reserved 1179648K
  class space    used 9122K, committed 9920K, reserved 1048576K
}
Event: 674.640 GC heap before
{Heap before GC invocations=154 (full 0):
 garbage-first heap   total 141312K, used 131251K [0x00000006c5800000, 0x00000007c0000000)
  region size 2048K, 34 young (69632K), 3 survivors (6144K)
 Metaspace       used 90799K, committed 92544K, reserved 1179648K
  class space    used 9122K, committed 9920K, reserved 1048576K
}
Event: 674.642 GC heap after
{Heap after GC invocations=155 (full 0):
 garbage-first heap   total 141312K, used 67662K [0x00000006c5800000, 0x00000007c0000000)
  region size 2048K, 3 young (6144K), 3 survivors (6144K)
 Metaspace       used 90799K, committed 92544K, reserved 1179648K
  class space    used 9122K, committed 9920K, reserved 1048576K
}
Event: 697.224 GC heap before
{Heap before GC invocations=155 (full 0):
 garbage-first heap   total 141312K, used 131150K [0x00000006c5800000, 0x00000007c0000000)
  region size 2048K, 34 young (69632K), 3 survivors (6144K)
 Metaspace       used 90847K, committed 92608K, reserved 1179648K
  class space    used 9122K, committed 9920K, reserved 1048576K
}
Event: 697.226 GC heap after
{Heap after GC invocations=156 (full 0):
 garbage-first heap   total 141312K, used 67863K [0x00000006c5800000, 0x00000007c0000000)
  region size 2048K, 3 young (6144K), 3 survivors (6144K)
 Metaspace       used 90847K, committed 92608K, reserved 1179648K
  class space    used 9122K, committed 9920K, reserved 1048576K
}
Event: 701.296 GC heap before
{Heap before GC invocations=157 (full 0):
 garbage-first heap   total 141312K, used 131351K [0x00000006c5800000, 0x00000007c0000000)
  region size 2048K, 34 young (69632K), 3 survivors (6144K)
 Metaspace       used 90926K, committed 92672K, reserved 1179648K
  class space    used 9124K, committed 9920K, reserved 1048576K
}
Event: 701.298 GC heap after
{Heap after GC invocations=158 (full 0):
 garbage-first heap   total 141312K, used 67400K [0x00000006c5800000, 0x00000007c0000000)
  region size 2048K, 3 young (6144K), 3 survivors (6144K)
 Metaspace       used 90926K, committed 92672K, reserved 1179648K
  class space    used 9124K, committed 9920K, reserved 1048576K
}
Event: 703.845 GC heap before
{Heap before GC invocations=158 (full 0):
 garbage-first heap   total 141312K, used 128840K [0x00000006c5800000, 0x00000007c0000000)
  region size 2048K, 34 young (69632K), 3 survivors (6144K)
 Metaspace       used 90941K, committed 92672K, reserved 1179648K
  class space    used 9125K, committed 9920K, reserved 1048576K
}
Event: 703.849 GC heap after
{Heap after GC invocations=159 (full 0):
 garbage-first heap   total 143360K, used 73195K [0x00000006c5800000, 0x00000007c0000000)
  region size 2048K, 5 young (10240K), 5 survivors (10240K)
 Metaspace       used 90941K, committed 92672K, reserved 1179648K
  class space    used 9125K, committed 9920K, reserved 1048576K
}
Event: 711.464 GC heap before
{Heap before GC invocations=160 (full 0):
 garbage-first heap   total 143360K, used 130539K [0x00000006c5800000, 0x00000007c0000000)
  region size 2048K, 33 young (67584K), 5 survivors (10240K)
 Metaspace       used 90986K, committed 92736K, reserved 1179648K
  class space    used 9125K, committed 9920K, reserved 1048576K
}
Event: 711.467 GC heap after
{Heap after GC invocations=161 (full 0):
 garbage-first heap   total 143360K, used 73871K [0x00000006c5800000, 0x00000007c0000000)
  region size 2048K, 1 young (2048K), 1 survivors (2048K)
 Metaspace       used 90986K, committed 92736K, reserved 1179648K
  class space    used 9125K, committed 9920K, reserved 1048576K
}
Event: 713.873 GC heap before
{Heap before GC invocations=161 (full 0):
 garbage-first heap   total 143360K, used 131215K [0x00000006c5800000, 0x00000007c0000000)
  region size 2048K, 29 young (59392K), 1 survivors (2048K)
 Metaspace       used 90988K, committed 92736K, reserved 1179648K
  class space    used 9125K, committed 9920K, reserved 1048576K
}
Event: 713.874 GC heap after
{Heap after GC invocations=162 (full 0):
 garbage-first heap   total 143360K, used 73594K [0x00000006c5800000, 0x00000007c0000000)
  region size 2048K, 1 young (2048K), 1 survivors (2048K)
 Metaspace       used 90988K, committed 92736K, reserved 1179648K
  class space    used 9125K, committed 9920K, reserved 1048576K
}
Event: 714.598 GC heap before
{Heap before GC invocations=162 (full 0):
 garbage-first heap   total 143360K, used 83834K [0x00000006c5800000, 0x00000007c0000000)
  region size 2048K, 7 young (14336K), 1 survivors (2048K)
 Metaspace       used 91148K, committed 92928K, reserved 1179648K
  class space    used 9125K, committed 9920K, reserved 1048576K
}
Event: 714.599 GC heap after
{Heap after GC invocations=163 (full 0):
 garbage-first heap   total 143360K, used 73394K [0x00000006c5800000, 0x00000007c0000000)
  region size 2048K, 1 young (2048K), 1 survivors (2048K)
 Metaspace       used 91148K, committed 92928K, reserved 1179648K
  class space    used 9125K, committed 9920K, reserved 1048576K
}
Event: 714.599 GC heap before
{Heap before GC invocations=163 (full 0):
 garbage-first heap   total 143360K, used 73394K [0x00000006c5800000, 0x00000007c0000000)
  region size 2048K, 1 young (2048K), 1 survivors (2048K)
 Metaspace       used 91148K, committed 92928K, reserved 1179648K
  class space    used 9125K, committed 9920K, reserved 1048576K
}
Event: 714.601 GC heap after
{Heap after GC invocations=164 (full 0):
 garbage-first heap   total 143360K, used 73350K [0x00000006c5800000, 0x00000007c0000000)
  region size 2048K, 1 young (2048K), 1 survivors (2048K)
 Metaspace       used 91148K, committed 92928K, reserved 1179648K
  class space    used 9125K, committed 9920K, reserved 1048576K
}

