# JRE version: OpenJDK Runtime Environment Temurin-21.0.12.1+1 (21.0.12.1+1) (build 21.0.12.1+1-LTS)
# Java VM: OpenJDK 64-Bit Server VM Temurin-21.0.12.1+1 (21.0.12.1+1-LTS, mixed mode, tiered, compressed oops, compressed class ptrs, g1 gc, windows-amd64)
GC Precious Log:
 CardTable entry size: 512
 Card Set container configuration: InlinePtr #cards 4 size 8 Array Of Cards #cards 16 size 48 Howl #buckets 8 coarsen threshold 3686 Howl Bitmap #cards 512 size 80 coarsen threshold 460 Card regions per heap region 1 cards per card region 4096
 CPUs: 12 total, 12 available
 Memory: 16024M
 Large Page Support: Disabled
 NUMA Support: Disabled
 Compressed Oops: Enabled (Zero based)
 Heap Region Size: 2M
 Heap Min Capacity: 8M
 Heap Initial Capacity: 252M
 Heap Max Capacity: 4008M
 Pre-touch: Disabled
 Parallel Workers: 10
 Concurrent Workers: 3
 Concurrent Refinement Workers: 10
 Periodic GC: Disabled
Heap:
 garbage-first heap   total 258048K, used 50360K [0x00000006c5800000, 0x00000007c0000000)
  region size 2048K, 2 young (4096K), 2 survivors (4096K)
 Metaspace       used 77745K, committed 79040K, reserved 1179648K
  class space    used 8151K, committed 8704K, reserved 1048576K
GC Heap History (20 events):
Event: 40.318 GC heap before
{Heap before GC invocations=14 (full 0):
 garbage-first heap   total 102400K, used 78971K [0x00000006c5800000, 0x00000007c0000000)
  region size 2048K, 30 young (61440K), 4 survivors (8192K)
 Metaspace       used 61667K, committed 62912K, reserved 1114112K
  class space    used 6624K, committed 7168K, reserved 1048576K
}
Event: 40.325 GC heap after
{Heap after GC invocations=15 (full 0):
 garbage-first heap   total 102400K, used 29839K [0x00000006c5800000, 0x00000007c0000000)
  region size 2048K, 3 young (6144K), 3 survivors (6144K)
 Metaspace       used 61667K, committed 62912K, reserved 1114112K
  class space    used 6624K, committed 7168K, reserved 1048576K
}
Event: 40.956 GC heap before
{Heap before GC invocations=15 (full 0):
 garbage-first heap   total 102400K, used 83087K [0x00000006c5800000, 0x00000007c0000000)
  region size 2048K, 30 young (61440K), 3 survivors (6144K)
 Metaspace       used 62205K, committed 63488K, reserved 1114112K
  class space    used 6690K, committed 7232K, reserved 1048576K
}
Event: 40.966 GC heap after
{Heap after GC invocations=16 (full 0):
 garbage-first heap   total 102400K, used 38089K [0x00000006c5800000, 0x00000007c0000000)
  region size 2048K, 4 young (8192K), 4 survivors (8192K)
 Metaspace       used 62205K, committed 63488K, reserved 1114112K
  class space    used 6690K, committed 7232K, reserved 1048576K
}
Event: 42.459 GC heap before
{Heap before GC invocations=16 (full 0):
 garbage-first heap   total 102400K, used 85193K [0x00000006c5800000, 0x00000007c0000000)
  region size 2048K, 28 young (57344K), 4 survivors (8192K)
 Metaspace       used 65169K, committed 66368K, reserved 1114112K
  class space    used 6988K, committed 7488K, reserved 1048576K
}
Event: 42.469 GC heap after
{Heap after GC invocations=17 (full 0):
 garbage-first heap   total 104448K, used 45470K [0x00000006c5800000, 0x00000007c0000000)
  region size 2048K, 4 young (8192K), 4 survivors (8192K)
 Metaspace       used 65169K, committed 66368K, reserved 1114112K
  class space    used 6988K, committed 7488K, reserved 1048576K
}
Event: 43.609 GC heap before
{Heap before GC invocations=17 (full 0):
 garbage-first heap   total 104448K, used 88478K [0x00000006c5800000, 0x00000007c0000000)
  region size 2048K, 25 young (51200K), 4 survivors (8192K)
 Metaspace       used 66701K, committed 67968K, reserved 1114112K
  class space    used 7124K, committed 7680K, reserved 1048576K
}
Event: 43.615 GC heap after
{Heap after GC invocations=18 (full 0):
 garbage-first heap   total 104448K, used 47600K [0x00000006c5800000, 0x00000007c0000000)
  region size 2048K, 2 young (4096K), 2 survivors (4096K)
 Metaspace       used 66701K, committed 67968K, reserved 1114112K
  class space    used 7124K, committed 7680K, reserved 1048576K
}
Event: 46.616 GC heap before
{Heap before GC invocations=19 (full 0):
 garbage-first heap   total 104448K, used 86512K [0x00000006c5800000, 0x00000007c0000000)
  region size 2048K, 22 young (45056K), 2 survivors (4096K)
 Metaspace       used 69834K, committed 71168K, reserved 1114112K
  class space    used 7439K, committed 8000K, reserved 1048576K
}
Event: 46.619 GC heap after
{Heap after GC invocations=20 (full 0):
 garbage-first heap   total 104448K, used 46290K [0x00000006c5800000, 0x00000007c0000000)
  region size 2048K, 1 young (2048K), 1 survivors (2048K)
 Metaspace       used 69834K, committed 71168K, reserved 1114112K
  class space    used 7439K, committed 8000K, reserved 1048576K
}
Event: 48.394 GC heap before
{Heap before GC invocations=20 (full 0):
 garbage-first heap   total 104448K, used 87250K [0x00000006c5800000, 0x00000007c0000000)
  region size 2048K, 22 young (45056K), 1 survivors (2048K)
 Metaspace       used 74111K, committed 75456K, reserved 1179648K
  class space    used 7901K, committed 8448K, reserved 1048576K
}
Event: 48.404 GC heap after
{Heap after GC invocations=21 (full 0):
 garbage-first heap   total 104448K, used 48009K [0x00000006c5800000, 0x00000007c0000000)
  region size 2048K, 2 young (4096K), 2 survivors (4096K)
 Metaspace       used 74111K, committed 75456K, reserved 1179648K
  class space    used 7901K, committed 8448K, reserved 1048576K
}
Event: 51.396 GC heap before
{Heap before GC invocations=21 (full 0):
 garbage-first heap   total 104448K, used 91017K [0x00000006c5800000, 0x00000007c0000000)
  region size 2048K, 24 young (49152K), 2 survivors (4096K)
 Metaspace       used 75737K, committed 77056K, reserved 1179648K
  class space    used 8004K, committed 8512K, reserved 1048576K
}
Event: 51.401 GC heap after
{Heap after GC invocations=22 (full 0):
 garbage-first heap   total 104448K, used 48855K [0x00000006c5800000, 0x00000007c0000000)
  region size 2048K, 2 young (4096K), 2 survivors (4096K)
 Metaspace       used 75737K, committed 77056K, reserved 1179648K
  class space    used 8004K, committed 8512K, reserved 1048576K
}
Event: 58.091 GC heap before
{Heap before GC invocations=22 (full 0):
 garbage-first heap   total 104448K, used 91863K [0x00000006c5800000, 0x00000007c0000000)
  region size 2048K, 24 young (49152K), 2 survivors (4096K)
 Metaspace       used 76199K, committed 77568K, reserved 1179648K
  class space    used 8016K, committed 8576K, reserved 1048576K
}
Event: 58.096 GC heap after
{Heap after GC invocations=23 (full 0):
 garbage-first heap   total 104448K, used 49657K [0x00000006c5800000, 0x00000007c0000000)
  region size 2048K, 2 young (4096K), 2 survivors (4096K)
 Metaspace       used 76199K, committed 77568K, reserved 1179648K
  class space    used 8016K, committed 8576K, reserved 1048576K
}
Event: 68.941 GC heap before
{Heap before GC invocations=23 (full 0):
 garbage-first heap   total 104448K, used 72185K [0x00000006c5800000, 0x00000007c0000000)
  region size 2048K, 15 young (30720K), 2 survivors (4096K)
 Metaspace       used 76574K, committed 77888K, reserved 1179648K
  class space    used 8022K, committed 8576K, reserved 1048576K
}
Event: 68.947 GC heap after
{Heap after GC invocations=24 (full 0):
 garbage-first heap   total 104448K, used 49985K [0x00000006c5800000, 0x00000007c0000000)
  region size 2048K, 2 young (4096K), 2 survivors (4096K)
 Metaspace       used 76574K, committed 77888K, reserved 1179648K
  class space    used 8022K, committed 8576K, reserved 1048576K
}
Event: 76.620 GC heap before
{Heap before GC invocations=25 (full 0):
 garbage-first heap   total 104448K, used 68417K [0x00000006c5800000, 0x00000007c0000000)
  region size 2048K, 11 young (22528K), 2 survivors (4096K)
 Metaspace       used 77745K, committed 79040K, reserved 1179648K
  class space    used 8151K, committed 8704K, reserved 1048576K
}
Event: 76.630 GC heap after
{Heap after GC invocations=26 (full 0):
 garbage-first heap   total 104448K, used 50360K [0x00000006c5800000, 0x00000007c0000000)
  region size 2048K, 2 young (4096K), 2 survivors (4096K)
 Metaspace       used 77745K, committed 79040K, reserved 1179648K
  class space    used 8151K, committed 8704K, reserved 1048576K
}

