# JRE version: OpenJDK Runtime Environment Temurin-21.0.12.1+1 (21.0.12.1+1) (build 21.0.12.1+1-LTS)
# Java VM: OpenJDK 64-Bit Server VM Temurin-21.0.12.1+1 (21.0.12.1+1-LTS, mixed mode, tiered, compressed oops, compressed class ptrs, g1 gc, windows-amd64)
GC Precious Log:
 CardTable entry size: 512
 Card Set container configuration: InlinePtr #cards 4 size 8 Array Of Cards #cards 16 size 48 Howl #buckets 8 coarsen threshold 3686 Howl Bitmap #cards 512 size 80 coarsen threshold 460 Card regions per heap region 1 cards per card region 4096
 CPUs: 12 total, 12 available
 Memory: 16024M
 Large Page Support: Disabled
 NUMA Support: Disabled
 Compressed Oops: Enabled (Zero based)
 Heap Region Size: 2M
 Heap Min Capacity: 8M
 Heap Initial Capacity: 252M
 Heap Max Capacity: 4008M
 Pre-touch: Disabled
 Parallel Workers: 10
 Concurrent Workers: 3
 Concurrent Refinement Workers: 10
 Periodic GC: Disabled
Heap:
 garbage-first heap   total 231424K, used 177830K [0x00000004ae400000, 0x00000005a8c00000)
  region size 2048K, 53 young (108544K), 2 survivors (4096K)
 Metaspace       used 98749K, committed 100480K, reserved 1179648K
  class space    used 9896K, committed 10688K, reserved 1048576K
GC Heap History (20 events):
Event: 649.665 GC heap before
{Heap before GC invocations=85 (full 0):
 garbage-first heap   total 231424K, used 209214K [0x00000004ae400000, 0x00000005a8c00000)
  region size 2048K, 67 young (137216K), 3 survivors (6144K)
 Metaspace       used 98074K, committed 99840K, reserved 1179648K
  class space    used 9883K, committed 10688K, reserved 1048576K
}
Event: 649.668 GC heap after
{Heap after GC invocations=86 (full 0):
 garbage-first heap   total 231424K, used 81476K [0x00000004ae400000, 0x00000005a8c00000)
  region size 2048K, 4 young (8192K), 4 survivors (8192K)
 Metaspace       used 98074K, committed 99840K, reserved 1179648K
  class space    used 9883K, committed 10688K, reserved 1048576K
}
Event: 656.735 GC heap before
{Heap before GC invocations=86 (full 0):
 garbage-first heap   total 231424K, used 208452K [0x00000004ae400000, 0x00000005a8c00000)
  region size 2048K, 67 young (137216K), 4 survivors (8192K)
 Metaspace       used 98171K, committed 99904K, reserved 1179648K
  class space    used 9883K, committed 10688K, reserved 1048576K
}
Event: 656.738 GC heap after
{Heap after GC invocations=87 (full 0):
 garbage-first heap   total 231424K, used 77506K [0x00000004ae400000, 0x00000005a8c00000)
  region size 2048K, 2 young (4096K), 2 survivors (4096K)
 Metaspace       used 98171K, committed 99904K, reserved 1179648K
  class space    used 9883K, committed 10688K, reserved 1048576K
}
Event: 663.739 GC heap before
{Heap before GC invocations=87 (full 0):
 garbage-first heap   total 231424K, used 140994K [0x00000004ae400000, 0x00000005a8c00000)
  region size 2048K, 35 young (71680K), 2 survivors (4096K)
 Metaspace       used 98236K, committed 99968K, reserved 1179648K
  class space    used 9889K, committed 10688K, reserved 1048576K
}
Event: 663.740 GC heap after
{Heap after GC invocations=88 (full 0):
 garbage-first heap   total 231424K, used 76973K [0x00000004ae400000, 0x00000005a8c00000)
  region size 2048K, 2 young (4096K), 2 survivors (4096K)
 Metaspace       used 98236K, committed 99968K, reserved 1179648K
  class space    used 9889K, committed 10688K, reserved 1048576K
}
Event: 673.470 GC heap before
{Heap before GC invocations=89 (full 0):
 garbage-first heap   total 231424K, used 212141K [0x00000004ae400000, 0x00000005a8c00000)
  region size 2048K, 67 young (137216K), 2 survivors (4096K)
 Metaspace       used 98311K, committed 100032K, reserved 1179648K
  class space    used 9893K, committed 10688K, reserved 1048576K
}
Event: 673.472 GC heap after
{Heap after GC invocations=90 (full 0):
 garbage-first heap   total 231424K, used 77748K [0x00000004ae400000, 0x00000005a8c00000)
  region size 2048K, 2 young (4096K), 2 survivors (4096K)
 Metaspace       used 98311K, committed 100032K, reserved 1179648K
  class space    used 9893K, committed 10688K, reserved 1048576K
}
Event: 690.220 GC heap before
{Heap before GC invocations=90 (full 0):
 garbage-first heap   total 231424K, used 208820K [0x00000004ae400000, 0x00000005a8c00000)
  region size 2048K, 67 young (137216K), 2 survivors (4096K)
 Metaspace       used 98358K, committed 100096K, reserved 1179648K
  class space    used 9893K, committed 10688K, reserved 1048576K
}
Event: 690.222 GC heap after
{Heap after GC invocations=91 (full 0):
 garbage-first heap   total 231424K, used 80061K [0x00000004ae400000, 0x00000005a8c00000)
  region size 2048K, 3 young (6144K), 3 survivors (6144K)
 Metaspace       used 98358K, committed 100096K, reserved 1179648K
  class space    used 9893K, committed 10688K, reserved 1048576K
}
Event: 699.807 GC heap before
{Heap before GC invocations=92 (full 0):
 garbage-first heap   total 231424K, used 209085K [0x00000004ae400000, 0x00000005a8c00000)
  region size 2048K, 67 young (137216K), 3 survivors (6144K)
 Metaspace       used 98485K, committed 100160K, reserved 1179648K
  class space    used 9893K, committed 10688K, reserved 1048576K
}
Event: 699.810 GC heap after
{Heap after GC invocations=93 (full 0):
 garbage-first heap   total 231424K, used 80947K [0x00000004ae400000, 0x00000005a8c00000)
  region size 2048K, 4 young (8192K), 4 survivors (8192K)
 Metaspace       used 98485K, committed 100160K, reserved 1179648K
  class space    used 9893K, committed 10688K, reserved 1048576K
}
Event: 783.341 GC heap before
{Heap before GC invocations=93 (full 0):
 garbage-first heap   total 231424K, used 207923K [0x00000004ae400000, 0x00000005a8c00000)
  region size 2048K, 67 young (137216K), 4 survivors (8192K)
 Metaspace       used 98511K, committed 100224K, reserved 1179648K
  class space    used 9893K, committed 10688K, reserved 1048576K
}
Event: 783.343 GC heap after
{Heap after GC invocations=94 (full 0):
 garbage-first heap   total 231424K, used 77921K [0x00000004ae400000, 0x00000005a8c00000)
  region size 2048K, 2 young (4096K), 2 survivors (4096K)
 Metaspace       used 98511K, committed 100224K, reserved 1179648K
  class space    used 9893K, committed 10688K, reserved 1048576K
}
Event: 809.252 GC heap before
{Heap before GC invocations=94 (full 0):
 garbage-first heap   total 231424K, used 208993K [0x00000004ae400000, 0x00000005a8c00000)
  region size 2048K, 67 young (137216K), 2 survivors (4096K)
 Metaspace       used 98535K, committed 100224K, reserved 1179648K
  class space    used 9893K, committed 10688K, reserved 1048576K
}
Event: 809.254 GC heap after
{Heap after GC invocations=95 (full 0):
 garbage-first heap   total 231424K, used 80208K [0x00000004ae400000, 0x00000005a8c00000)
  region size 2048K, 3 young (6144K), 3 survivors (6144K)
 Metaspace       used 98535K, committed 100224K, reserved 1179648K
  class space    used 9893K, committed 10688K, reserved 1048576K
}
Event: 940.855 GC heap before
{Heap before GC invocations=96 (full 0):
 garbage-first heap   total 231424K, used 211280K [0x00000004ae400000, 0x00000005a8c00000)
  region size 2048K, 67 young (137216K), 3 survivors (6144K)
 Metaspace       used 98573K, committed 100288K, reserved 1179648K
  class space    used 9893K, committed 10688K, reserved 1048576K
}
Event: 940.857 GC heap after
{Heap after GC invocations=97 (full 0):
 garbage-first heap   total 231424K, used 77608K [0x00000004ae400000, 0x00000005a8c00000)
  region size 2048K, 2 young (4096K), 2 survivors (4096K)
 Metaspace       used 98573K, committed 100288K, reserved 1179648K
  class space    used 9893K, committed 10688K, reserved 1048576K
}
Event: 1011.102 GC heap before
{Heap before GC invocations=97 (full 0):
 garbage-first heap   total 231424K, used 210728K [0x00000004ae400000, 0x00000005a8c00000)
  region size 2048K, 67 young (137216K), 2 survivors (4096K)
 Metaspace       used 98659K, committed 100352K, reserved 1179648K
  class space    used 9893K, committed 10688K, reserved 1048576K
}
Event: 1011.104 GC heap after
{Heap after GC invocations=98 (full 0):
 garbage-first heap   total 231424K, used 77478K [0x00000004ae400000, 0x00000005a8c00000)
  region size 2048K, 2 young (4096K), 2 survivors (4096K)
 Metaspace       used 98659K, committed 100352K, reserved 1179648K
  class space    used 9893K, committed 10688K, reserved 1048576K
}

