# JRE version: OpenJDK Runtime Environment Temurin-21.0.12.1+1 (21.0.12.1+1) (build 21.0.12.1+1-LTS)
# Java VM: OpenJDK 64-Bit Server VM Temurin-21.0.12.1+1 (21.0.12.1+1-LTS, mixed mode, tiered, compressed oops, compressed class ptrs, g1 gc, windows-amd64)
GC Precious Log:
 CardTable entry size: 512
 Card Set container configuration: InlinePtr #cards 4 size 8 Array Of Cards #cards 16 size 48 Howl #buckets 8 coarsen threshold 3686 Howl Bitmap #cards 512 size 80 coarsen threshold 460 Card regions per heap region 1 cards per card region 4096
 CPUs: 12 total, 12 available
 Memory: 16024M
 Large Page Support: Disabled
 NUMA Support: Disabled
 Compressed Oops: Enabled (Zero based)
 Heap Region Size: 2M
 Heap Min Capacity: 8M
 Heap Initial Capacity: 252M
 Heap Max Capacity: 4008M
 Pre-touch: Disabled
 Parallel Workers: 10
 Concurrent Workers: 3
 Concurrent Refinement Workers: 10
 Periodic GC: Disabled
Heap:
 garbage-first heap   total 262144K, used 44420K [0x00000006c5800000, 0x00000007c0000000)
  region size 2048K, 2 young (4096K), 2 survivors (4096K)
 Metaspace       used 65662K, committed 66944K, reserved 1114112K
  class space    used 6928K, committed 7488K, reserved 1048576K
GC Heap History (20 events):
Event: 10.720 GC heap before
{Heap before GC invocations=11 (full 0):
 garbage-first heap   total 51200K, used 40030K [0x00000006c5800000, 0x00000007c0000000)
  region size 2048K, 14 young (28672K), 2 survivors (4096K)
 Metaspace       used 40866K, committed 41920K, reserved 1114112K
  class space    used 4065K, committed 4544K, reserved 1048576K
}
Event: 10.725 GC heap after
{Heap after GC invocations=12 (full 0):
 garbage-first heap   total 51200K, used 18485K [0x00000006c5800000, 0x00000007c0000000)
  region size 2048K, 1 young (2048K), 1 survivors (2048K)
 Metaspace       used 40866K, committed 41920K, reserved 1114112K
  class space    used 4065K, committed 4544K, reserved 1048576K
}
Event: 11.061 GC heap before
{Heap before GC invocations=12 (full 0):
 garbage-first heap   total 51200K, used 41013K [0x00000006c5800000, 0x00000007c0000000)
  region size 2048K, 13 young (26624K), 1 survivors (2048K)
 Metaspace       used 43941K, committed 44992K, reserved 1114112K
  class space    used 4479K, committed 4928K, reserved 1048576K
}
Event: 11.064 GC heap after
{Heap after GC invocations=13 (full 0):
 garbage-first heap   total 51200K, used 20181K [0x00000006c5800000, 0x00000007c0000000)
  region size 2048K, 2 young (4096K), 2 survivors (4096K)
 Metaspace       used 43941K, committed 44992K, reserved 1114112K
  class space    used 4479K, committed 4928K, reserved 1048576K
}
Event: 11.478 GC heap before
{Heap before GC invocations=13 (full 0):
 garbage-first heap   total 51200K, used 40661K [0x00000006c5800000, 0x00000007c0000000)
  region size 2048K, 13 young (26624K), 2 survivors (4096K)
 Metaspace       used 45503K, committed 46656K, reserved 1114112K
  class space    used 4690K, committed 5184K, reserved 1048576K
}
Event: 11.484 GC heap after
{Heap after GC invocations=14 (full 0):
 garbage-first heap   total 51200K, used 21652K [0x00000006c5800000, 0x00000007c0000000)
  region size 2048K, 2 young (4096K), 2 survivors (4096K)
 Metaspace       used 45503K, committed 46656K, reserved 1114112K
  class space    used 4690K, committed 5184K, reserved 1048576K
}
Event: 11.832 GC heap before
{Heap before GC invocations=14 (full 0):
 garbage-first heap   total 51200K, used 42132K [0x00000006c5800000, 0x00000007c0000000)
  region size 2048K, 13 young (26624K), 2 survivors (4096K)
 Metaspace       used 47289K, committed 48384K, reserved 1114112K
  class space    used 4898K, committed 5376K, reserved 1048576K
}
Event: 11.836 GC heap after
{Heap after GC invocations=15 (full 0):
 garbage-first heap   total 51200K, used 23067K [0x00000006c5800000, 0x00000007c0000000)
  region size 2048K, 2 young (4096K), 2 survivors (4096K)
 Metaspace       used 47289K, committed 48384K, reserved 1114112K
  class space    used 4898K, committed 5376K, reserved 1048576K
}
Event: 12.487 GC heap before
{Heap before GC invocations=15 (full 0):
 garbage-first heap   total 51200K, used 41499K [0x00000006c5800000, 0x00000007c0000000)
  region size 2048K, 12 young (24576K), 2 survivors (4096K)
 Metaspace       used 49130K, committed 50240K, reserved 1114112K
  class space    used 5140K, committed 5632K, reserved 1048576K
}
Event: 12.492 GC heap after
{Heap after GC invocations=16 (full 0):
 garbage-first heap   total 155648K, used 23199K [0x00000006c5800000, 0x00000007c0000000)
  region size 2048K, 1 young (2048K), 1 survivors (2048K)
 Metaspace       used 49130K, committed 50240K, reserved 1114112K
  class space    used 5140K, committed 5632K, reserved 1048576K
}
Event: 18.541 GC heap before
{Heap before GC invocations=16 (full 0):
 garbage-first heap   total 155648K, used 113311K [0x00000006c5800000, 0x00000007c0000000)
  region size 2048K, 45 young (92160K), 1 survivors (2048K)
 Metaspace       used 56395K, committed 57536K, reserved 1114112K
  class space    used 6007K, committed 6464K, reserved 1048576K
}
Event: 18.551 GC heap after
{Heap after GC invocations=17 (full 0):
 garbage-first heap   total 155648K, used 26869K [0x00000006c5800000, 0x00000007c0000000)
  region size 2048K, 3 young (6144K), 3 survivors (6144K)
 Metaspace       used 56395K, committed 57536K, reserved 1114112K
  class space    used 6007K, committed 6464K, reserved 1048576K
}
Event: 20.936 GC heap before
{Heap before GC invocations=17 (full 0):
 garbage-first heap   total 155648K, used 110837K [0x00000006c5800000, 0x00000007c0000000)
  region size 2048K, 45 young (92160K), 3 survivors (6144K)
 Metaspace       used 57880K, committed 59008K, reserved 1114112K
  class space    used 6141K, committed 6592K, reserved 1048576K
}
Event: 20.959 GC heap after
{Heap after GC invocations=18 (full 0):
 garbage-first heap   total 155648K, used 41475K [0x00000006c5800000, 0x00000007c0000000)
  region size 2048K, 6 young (12288K), 6 survivors (12288K)
 Metaspace       used 57880K, committed 59008K, reserved 1114112K
  class space    used 6141K, committed 6592K, reserved 1048576K
}
Event: 21.698 GC heap before
{Heap before GC invocations=18 (full 0):
 garbage-first heap   total 155648K, used 51715K [0x00000006c5800000, 0x00000007c0000000)
  region size 2048K, 12 young (24576K), 6 survivors (12288K)
 Metaspace       used 59299K, committed 60416K, reserved 1114112K
  class space    used 6293K, committed 6784K, reserved 1048576K
}
Event: 21.714 GC heap after
{Heap after GC invocations=19 (full 0):
 garbage-first heap   total 155648K, used 44397K [0x00000006c5800000, 0x00000007c0000000)
  region size 2048K, 2 young (4096K), 2 survivors (4096K)
 Metaspace       used 59299K, committed 60416K, reserved 1114112K
  class space    used 6293K, committed 6784K, reserved 1048576K
}
Event: 25.446 GC heap before
{Heap before GC invocations=20 (full 0):
 garbage-first heap   total 155648K, used 120173K [0x00000006c5800000, 0x00000007c0000000)
  region size 2048K, 40 young (81920K), 2 survivors (4096K)
 Metaspace       used 63045K, committed 64192K, reserved 1114112K
  class space    used 6634K, committed 7104K, reserved 1048576K
}
Event: 25.449 GC heap after
{Heap after GC invocations=21 (full 0):
 garbage-first heap   total 155648K, used 43937K [0x00000006c5800000, 0x00000007c0000000)
  region size 2048K, 1 young (2048K), 1 survivors (2048K)
 Metaspace       used 63045K, committed 64192K, reserved 1114112K
  class space    used 6634K, committed 7104K, reserved 1048576K
}
Event: 26.679 GC heap before
{Heap before GC invocations=21 (full 0):
 garbage-first heap   total 155648K, used 66465K [0x00000006c5800000, 0x00000007c0000000)
  region size 2048K, 14 young (28672K), 1 survivors (2048K)
 Metaspace       used 65662K, committed 66944K, reserved 1114112K
  class space    used 6928K, committed 7488K, reserved 1048576K
}
Event: 26.686 GC heap after
{Heap after GC invocations=22 (full 0):
 garbage-first heap   total 155648K, used 44420K [0x00000006c5800000, 0x00000007c0000000)
  region size 2048K, 2 young (4096K), 2 survivors (4096K)
 Metaspace       used 65662K, committed 66944K, reserved 1114112K
  class space    used 6928K, committed 7488K, reserved 1048576K
}

