# JRE version: OpenJDK Runtime Environment Temurin-21.0.12.1+1 (21.0.12.1+1) (build 21.0.12.1+1-LTS)
# Java VM: OpenJDK 64-Bit Server VM Temurin-21.0.12.1+1 (21.0.12.1+1-LTS, mixed mode, tiered, compressed oops, compressed class ptrs, g1 gc, windows-amd64)
GC Precious Log:
 CardTable entry size: 512
 Card Set container configuration: InlinePtr #cards 4 size 8 Array Of Cards #cards 16 size 48 Howl #buckets 8 coarsen threshold 3686 Howl Bitmap #cards 512 size 80 coarsen threshold 460 Card regions per heap region 1 cards per card region 4096
 CPUs: 12 total, 12 available
 Memory: 16024M
 Large Page Support: Disabled
 NUMA Support: Disabled
 Compressed Oops: Enabled (Zero based)
 Heap Region Size: 2M
 Heap Min Capacity: 8M
 Heap Initial Capacity: 252M
 Heap Max Capacity: 4008M
 Pre-touch: Disabled
 Parallel Workers: 10
 Concurrent Workers: 3
 Concurrent Refinement Workers: 10
 Periodic GC: Disabled
Heap:
 garbage-first heap   total 258048K, used 52833K [0x00000006c5800000, 0x00000007c0000000)
  region size 2048K, 1 young (2048K), 1 survivors (2048K)
 Metaspace       used 75742K, committed 77120K, reserved 1179648K
  class space    used 7723K, committed 8320K, reserved 1048576K
GC Heap History (20 events):
Event: 9.236 GC heap before
{Heap before GC invocations=12 (full 0):
 garbage-first heap   total 155648K, used 104416K [0x00000006c5800000, 0x00000007c0000000)
  region size 2048K, 45 young (92160K), 4 survivors (8192K)
 Metaspace       used 55384K, committed 56576K, reserved 1114112K
  class space    used 5944K, committed 6464K, reserved 1048576K
}
Event: 9.245 GC heap after
{Heap after GC invocations=13 (full 0):
 garbage-first heap   total 155648K, used 26146K [0x00000006c5800000, 0x00000007c0000000)
  region size 2048K, 5 young (10240K), 5 survivors (10240K)
 Metaspace       used 55384K, committed 56576K, reserved 1114112K
  class space    used 5944K, committed 6464K, reserved 1048576K
}
Event: 10.297 GC heap before
{Heap before GC invocations=13 (full 0):
 garbage-first heap   total 155648K, used 106018K [0x00000006c5800000, 0x00000007c0000000)
  region size 2048K, 45 young (92160K), 5 survivors (10240K)
 Metaspace       used 59070K, committed 60224K, reserved 1114112K
  class space    used 6336K, committed 6848K, reserved 1048576K
}
Event: 10.304 GC heap after
{Heap after GC invocations=14 (full 0):
 garbage-first heap   total 155648K, used 29151K [0x00000006c5800000, 0x00000007c0000000)
  region size 2048K, 4 young (8192K), 4 survivors (8192K)
 Metaspace       used 59070K, committed 60224K, reserved 1114112K
  class space    used 6336K, committed 6848K, reserved 1048576K
}
Event: 10.368 GC heap before
{Heap before GC invocations=14 (full 0):
 garbage-first heap   total 155648K, used 47583K [0x00000006c5800000, 0x00000007c0000000)
  region size 2048K, 15 young (30720K), 4 survivors (8192K)
 Metaspace       used 59510K, committed 60608K, reserved 1114112K
  class space    used 6369K, committed 6848K, reserved 1048576K
}
Event: 10.372 GC heap after
{Heap after GC invocations=15 (full 0):
 garbage-first heap   total 155648K, used 27833K [0x00000006c5800000, 0x00000007c0000000)
  region size 2048K, 2 young (4096K), 2 survivors (4096K)
 Metaspace       used 59510K, committed 60608K, reserved 1114112K
  class space    used 6369K, committed 6848K, reserved 1048576K
}
Event: 11.181 GC heap before
{Heap before GC invocations=16 (full 0):
 garbage-first heap   total 102400K, used 97465K [0x00000006c5800000, 0x00000007c0000000)
  region size 2048K, 37 young (75776K), 2 survivors (4096K)
 Metaspace       used 62217K, committed 63424K, reserved 1114112K
  class space    used 6620K, committed 7168K, reserved 1048576K
}
Event: 11.191 GC heap after
{Heap after GC invocations=17 (full 0):
 garbage-first heap   total 114688K, used 37367K [0x00000006c5800000, 0x00000007c0000000)
  region size 2048K, 6 young (12288K), 6 survivors (12288K)
 Metaspace       used 62217K, committed 63424K, reserved 1114112K
  class space    used 6620K, committed 7168K, reserved 1048576K
}
Event: 12.108 GC heap before
{Heap before GC invocations=17 (full 0):
 garbage-first heap   total 114688K, used 90615K [0x00000006c5800000, 0x00000007c0000000)
  region size 2048K, 33 young (67584K), 6 survivors (12288K)
 Metaspace       used 64553K, committed 65856K, reserved 1114112K
  class space    used 6831K, committed 7424K, reserved 1048576K
}
Event: 12.118 GC heap after
{Heap after GC invocations=18 (full 0):
 garbage-first heap   total 114688K, used 44265K [0x00000006c5800000, 0x00000007c0000000)
  region size 2048K, 4 young (8192K), 4 survivors (8192K)
 Metaspace       used 64553K, committed 65856K, reserved 1114112K
  class space    used 6831K, committed 7424K, reserved 1048576K
}
Event: 13.598 GC heap before
{Heap before GC invocations=18 (full 0):
 garbage-first heap   total 114688K, used 95465K [0x00000006c5800000, 0x00000007c0000000)
  region size 2048K, 30 young (61440K), 4 survivors (8192K)
 Metaspace       used 69561K, committed 70912K, reserved 1114112K
  class space    used 7304K, committed 7872K, reserved 1048576K
}
Event: 13.610 GC heap after
{Heap after GC invocations=19 (full 0):
 garbage-first heap   total 139264K, used 49970K [0x00000006c5800000, 0x00000007c0000000)
  region size 2048K, 3 young (6144K), 3 survivors (6144K)
 Metaspace       used 69561K, committed 70912K, reserved 1114112K
  class space    used 7304K, committed 7872K, reserved 1048576K
}
Event: 83.541 GC heap before
{Heap before GC invocations=19 (full 0):
 garbage-first heap   total 139264K, used 117554K [0x00000006c5800000, 0x00000007c0000000)
  region size 2048K, 37 young (75776K), 3 survivors (6144K)
 Metaspace       used 73171K, committed 74624K, reserved 1179648K
  class space    used 7593K, committed 8192K, reserved 1048576K
}
Event: 83.545 GC heap after
{Heap after GC invocations=20 (full 0):
 garbage-first heap   total 139264K, used 52512K [0x00000006c5800000, 0x00000007c0000000)
  region size 2048K, 5 young (10240K), 5 survivors (10240K)
 Metaspace       used 73171K, committed 74624K, reserved 1179648K
  class space    used 7593K, committed 8192K, reserved 1048576K
}
Event: 258.039 GC heap before
{Heap before GC invocations=20 (full 0):
 garbage-first heap   total 139264K, used 116000K [0x00000006c5800000, 0x00000007c0000000)
  region size 2048K, 37 young (75776K), 5 survivors (10240K)
 Metaspace       used 74937K, committed 76288K, reserved 1179648K
  class space    used 7714K, committed 8320K, reserved 1048576K
}
Event: 258.045 GC heap after
{Heap after GC invocations=21 (full 0):
 garbage-first heap   total 139264K, used 53284K [0x00000006c5800000, 0x00000007c0000000)
  region size 2048K, 1 young (2048K), 1 survivors (2048K)
 Metaspace       used 74937K, committed 76288K, reserved 1179648K
  class space    used 7714K, committed 8320K, reserved 1048576K
}
Event: 263.021 GC heap before
{Heap before GC invocations=22 (full 0):
 garbage-first heap   total 139264K, used 120868K [0x00000006c5800000, 0x00000007c0000000)
  region size 2048K, 34 young (69632K), 1 survivors (2048K)
 Metaspace       used 75541K, committed 76928K, reserved 1179648K
  class space    used 7722K, committed 8320K, reserved 1048576K
}
Event: 263.023 GC heap after
{Heap after GC invocations=23 (full 0):
 garbage-first heap   total 139264K, used 53148K [0x00000006c5800000, 0x00000007c0000000)
  region size 2048K, 1 young (2048K), 1 survivors (2048K)
 Metaspace       used 75541K, committed 76928K, reserved 1179648K
  class space    used 7722K, committed 8320K, reserved 1048576K
}
Event: 264.672 GC heap before
{Heap before GC invocations=23 (full 0):
 garbage-first heap   total 139264K, used 63388K [0x00000006c5800000, 0x00000007c0000000)
  region size 2048K, 7 young (14336K), 1 survivors (2048K)
 Metaspace       used 75742K, committed 77120K, reserved 1179648K
  class space    used 7723K, committed 8320K, reserved 1048576K
}
Event: 264.676 GC heap after
{Heap after GC invocations=24 (full 0):
 garbage-first heap   total 139264K, used 52833K [0x00000006c5800000, 0x00000007c0000000)
  region size 2048K, 1 young (2048K), 1 survivors (2048K)
 Metaspace       used 75742K, committed 77120K, reserved 1179648K
  class space    used 7723K, committed 8320K, reserved 1048576K
}

