# JRE version: OpenJDK Runtime Environment Temurin-21.0.12.1+1 (21.0.12.1+1) (build 21.0.12.1+1-LTS)
# Java VM: OpenJDK 64-Bit Server VM Temurin-21.0.12.1+1 (21.0.12.1+1-LTS, mixed mode, tiered, compressed oops, compressed class ptrs, g1 gc, windows-amd64)
GC Precious Log:
 CardTable entry size: 512
 Card Set container configuration: InlinePtr #cards 4 size 8 Array Of Cards #cards 16 size 48 Howl #buckets 8 coarsen threshold 3686 Howl Bitmap #cards 512 size 80 coarsen threshold 460 Card regions per heap region 1 cards per card region 4096
 CPUs: 12 total, 12 available
 Memory: 16024M
 Large Page Support: Disabled
 NUMA Support: Disabled
 Compressed Oops: Enabled (Zero based)
 Heap Region Size: 2M
 Heap Min Capacity: 8M
 Heap Initial Capacity: 252M
 Heap Max Capacity: 4008M
 Pre-touch: Disabled
 Parallel Workers: 10
 Concurrent Workers: 3
 Concurrent Refinement Workers: 10
 Periodic GC: Disabled
Heap:
 garbage-first heap   total 393216K, used 89375K [0x00000006c5800000, 0x00000007c0000000)
  region size 2048K, 5 young (10240K), 5 survivors (10240K)
 Metaspace       used 99222K, committed 101056K, reserved 1179648K
  class space    used 10073K, committed 10880K, reserved 1048576K
GC Heap History (20 events):
Event: 964.946 GC heap before
{Heap before GC invocations=90 (full 0):
 garbage-first heap   total 315392K, used 276379K [0x00000006c5800000, 0x00000007c0000000)
  region size 2048K, 92 young (188416K), 4 survivors (8192K)
 Metaspace       used 93488K, committed 95296K, reserved 1179648K
  class space    used 9394K, committed 10240K, reserved 1048576K
}
Event: 964.948 GC heap after
{Heap after GC invocations=91 (full 0):
 garbage-first heap   total 315392K, used 81981K [0x00000006c5800000, 0x00000007c0000000)
  region size 2048K, 3 young (6144K), 3 survivors (6144K)
 Metaspace       used 93488K, committed 95296K, reserved 1179648K
  class space    used 9394K, committed 10240K, reserved 1048576K
}
Event: 989.256 GC heap before
{Heap before GC invocations=91 (full 0):
 garbage-first heap   total 315392K, used 262205K [0x00000006c5800000, 0x00000007c0000000)
  region size 2048K, 92 young (188416K), 3 survivors (6144K)
 Metaspace       used 93541K, committed 95360K, reserved 1179648K
  class space    used 9397K, committed 10240K, reserved 1048576K
}
Event: 989.258 GC heap after
{Heap after GC invocations=92 (full 0):
 garbage-first heap   total 315392K, used 84422K [0x00000006c5800000, 0x00000007c0000000)
  region size 2048K, 4 young (8192K), 4 survivors (8192K)
 Metaspace       used 93541K, committed 95360K, reserved 1179648K
  class space    used 9397K, committed 10240K, reserved 1048576K
}
Event: 1014.061 GC heap before
{Heap before GC invocations=92 (full 0):
 garbage-first heap   total 315392K, used 264646K [0x00000006c5800000, 0x00000007c0000000)
  region size 2048K, 92 young (188416K), 4 survivors (8192K)
 Metaspace       used 93582K, committed 95360K, reserved 1179648K
  class space    used 9400K, committed 10240K, reserved 1048576K
}
Event: 1014.063 GC heap after
{Heap after GC invocations=93 (full 0):
 garbage-first heap   total 315392K, used 84749K [0x00000006c5800000, 0x00000007c0000000)
  region size 2048K, 4 young (8192K), 4 survivors (8192K)
 Metaspace       used 93582K, committed 95360K, reserved 1179648K
  class space    used 9400K, committed 10240K, reserved 1048576K
}
Event: 1026.368 GC heap before
{Heap before GC invocations=94 (full 0):
 garbage-first heap   total 286720K, used 248589K [0x00000006c5800000, 0x00000007c0000000)
  region size 2048K, 84 young (172032K), 4 survivors (8192K)
 Metaspace       used 93707K, committed 95488K, reserved 1179648K
  class space    used 9402K, committed 10240K, reserved 1048576K
}
Event: 1026.372 GC heap after
{Heap after GC invocations=95 (full 0):
 garbage-first heap   total 286720K, used 86790K [0x00000006c5800000, 0x00000007c0000000)
  region size 2048K, 5 young (10240K), 5 survivors (10240K)
 Metaspace       used 93707K, committed 95488K, reserved 1179648K
  class space    used 9402K, committed 10240K, reserved 1048576K
}
Event: 1029.513 GC heap before
{Heap before GC invocations=95 (full 0):
 garbage-first heap   total 288768K, used 283398K [0x00000006c5800000, 0x00000007c0000000)
  region size 2048K, 50 young (102400K), 5 survivors (10240K)
 Metaspace       used 96303K, committed 98176K, reserved 1179648K
  class space    used 9691K, committed 10560K, reserved 1048576K
}
Event: 1029.517 GC heap after
{Heap after GC invocations=96 (full 0):
 garbage-first heap   total 301056K, used 90563K [0x00000006c5800000, 0x00000007c0000000)
  region size 2048K, 6 young (12288K), 6 survivors (12288K)
 Metaspace       used 96303K, committed 98176K, reserved 1179648K
  class space    used 9691K, committed 10560K, reserved 1048576K
}
Event: 1043.311 GC heap before
{Heap before GC invocations=96 (full 0):
 garbage-first heap   total 301056K, used 256451K [0x00000006c5800000, 0x00000007c0000000)
  region size 2048K, 88 young (180224K), 6 survivors (12288K)
 Metaspace       used 98704K, committed 100608K, reserved 1179648K
  class space    used 10022K, committed 10880K, reserved 1048576K
}
Event: 1043.315 GC heap after
{Heap after GC invocations=97 (full 0):
 garbage-first heap   total 301056K, used 89603K [0x00000006c5800000, 0x00000007c0000000)
  region size 2048K, 6 young (12288K), 6 survivors (12288K)
 Metaspace       used 98704K, committed 100608K, reserved 1179648K
  class space    used 10022K, committed 10880K, reserved 1048576K
}
Event: 1112.044 GC heap before
{Heap before GC invocations=98 (full 0):
 garbage-first heap   total 301056K, used 255491K [0x00000006c5800000, 0x00000007c0000000)
  region size 2048K, 88 young (180224K), 6 survivors (12288K)
 Metaspace       used 98773K, committed 100672K, reserved 1179648K
  class space    used 10023K, committed 10880K, reserved 1048576K
}
Event: 1112.048 GC heap after
{Heap after GC invocations=99 (full 0):
 garbage-first heap   total 301056K, used 91563K [0x00000006c5800000, 0x00000007c0000000)
  region size 2048K, 7 young (14336K), 7 survivors (14336K)
 Metaspace       used 98773K, committed 100672K, reserved 1179648K
  class space    used 10023K, committed 10880K, reserved 1048576K
}
Event: 1127.365 GC heap before
{Heap before GC invocations=99 (full 0):
 garbage-first heap   total 301056K, used 255403K [0x00000006c5800000, 0x00000007c0000000)
  region size 2048K, 88 young (180224K), 7 survivors (14336K)
 Metaspace       used 98783K, committed 100672K, reserved 1179648K
  class space    used 10023K, committed 10880K, reserved 1048576K
}
Event: 1127.368 GC heap after
{Heap after GC invocations=100 (full 0):
 garbage-first heap   total 301056K, used 87694K [0x00000006c5800000, 0x00000007c0000000)
  region size 2048K, 5 young (10240K), 5 survivors (10240K)
 Metaspace       used 98783K, committed 100672K, reserved 1179648K
  class space    used 10023K, committed 10880K, reserved 1048576K
}
Event: 1223.175 GC heap before
{Heap before GC invocations=101 (full 0):
 garbage-first heap   total 301056K, used 257678K [0x00000006c5800000, 0x00000007c0000000)
  region size 2048K, 88 young (180224K), 5 survivors (10240K)
 Metaspace       used 98843K, committed 100736K, reserved 1179648K
  class space    used 10024K, committed 10880K, reserved 1048576K
}
Event: 1223.178 GC heap after
{Heap after GC invocations=102 (full 0):
 garbage-first heap   total 301056K, used 89384K [0x00000006c5800000, 0x00000007c0000000)
  region size 2048K, 5 young (10240K), 5 survivors (10240K)
 Metaspace       used 98843K, committed 100736K, reserved 1179648K
  class space    used 10024K, committed 10880K, reserved 1048576K
}
Event: 1258.472 GC heap before
{Heap before GC invocations=102 (full 0):
 garbage-first heap   total 301056K, used 159016K [0x00000006c5800000, 0x00000007c0000000)
  region size 2048K, 41 young (83968K), 5 survivors (10240K)
 Metaspace       used 99222K, committed 101056K, reserved 1179648K
  class space    used 10073K, committed 10880K, reserved 1048576K
}
Event: 1258.478 GC heap after
{Heap after GC invocations=103 (full 0):
 garbage-first heap   total 301056K, used 89375K [0x00000006c5800000, 0x00000007c0000000)
  region size 2048K, 5 young (10240K), 5 survivors (10240K)
 Metaspace       used 99222K, committed 101056K, reserved 1179648K
  class space    used 10073K, committed 10880K, reserved 1048576K
}

