# JRE version: OpenJDK Runtime Environment Temurin-21.0.12.1+1 (21.0.12.1+1) (build 21.0.12.1+1-LTS)
# Java VM: OpenJDK 64-Bit Server VM Temurin-21.0.12.1+1 (21.0.12.1+1-LTS, mixed mode, tiered, compressed oops, compressed class ptrs, g1 gc, windows-amd64)
GC Precious Log:
 CardTable entry size: 512
 Card Set container configuration: InlinePtr #cards 4 size 8 Array Of Cards #cards 16 size 48 Howl #buckets 8 coarsen threshold 3686 Howl Bitmap #cards 512 size 80 coarsen threshold 460 Card regions per heap region 1 cards per card region 4096
 CPUs: 12 total, 12 available
 Memory: 16024M
 Large Page Support: Disabled
 NUMA Support: Disabled
 Compressed Oops: Enabled (Zero based)
 Heap Region Size: 2M
 Heap Min Capacity: 8M
 Heap Initial Capacity: 252M
 Heap Max Capacity: 4008M
 Pre-touch: Disabled
 Parallel Workers: 10
 Concurrent Workers: 3
 Concurrent Refinement Workers: 10
 Periodic GC: Disabled
Heap:
 garbage-first heap   total 270336K, used 53009K [0x00000006c5800000, 0x00000007c0000000)
  region size 2048K, 1 young (2048K), 1 survivors (2048K)
 Metaspace       used 85543K, committed 87232K, reserved 1179648K
  class space    used 8705K, committed 9408K, reserved 1048576K
GC Heap History (20 events):
Event: 58.526 GC heap before
{Heap before GC invocations=41 (full 0):
 garbage-first heap   total 110592K, used 101887K [0x00000006c5800000, 0x00000007c0000000)
  region size 2048K, 20 young (40960K), 1 survivors (2048K)
 Metaspace       used 83663K, committed 85376K, reserved 1179648K
  class space    used 8657K, committed 9344K, reserved 1048576K
}
Event: 58.532 GC heap after
{Heap after GC invocations=42 (full 0):
 garbage-first heap   total 110592K, used 56520K [0x00000006c5800000, 0x00000007c0000000)
  region size 2048K, 2 young (4096K), 2 survivors (4096K)
 Metaspace       used 83663K, committed 85376K, reserved 1179648K
  class space    used 8657K, committed 9344K, reserved 1048576K
}
Event: 76.362 GC heap before
{Heap before GC invocations=42 (full 0):
 garbage-first heap   total 110592K, used 101576K [0x00000006c5800000, 0x00000007c0000000)
  region size 2048K, 24 young (49152K), 2 survivors (4096K)
 Metaspace       used 83952K, committed 85632K, reserved 1179648K
  class space    used 8667K, committed 9344K, reserved 1048576K
}
Event: 76.365 GC heap after
{Heap after GC invocations=43 (full 0):
 garbage-first heap   total 110592K, used 56465K [0x00000006c5800000, 0x00000007c0000000)
  region size 2048K, 2 young (4096K), 2 survivors (4096K)
 Metaspace       used 83952K, committed 85632K, reserved 1179648K
  class space    used 8667K, committed 9344K, reserved 1048576K
}
Event: 111.185 GC heap before
{Heap before GC invocations=43 (full 0):
 garbage-first heap   total 110592K, used 101521K [0x00000006c5800000, 0x00000007c0000000)
  region size 2048K, 24 young (49152K), 2 survivors (4096K)
 Metaspace       used 84209K, committed 85888K, reserved 1179648K
  class space    used 8673K, committed 9344K, reserved 1048576K
}
Event: 111.188 GC heap after
{Heap after GC invocations=44 (full 0):
 garbage-first heap   total 110592K, used 55822K [0x00000006c5800000, 0x00000007c0000000)
  region size 2048K, 2 young (4096K), 2 survivors (4096K)
 Metaspace       used 84209K, committed 85888K, reserved 1179648K
  class space    used 8673K, committed 9344K, reserved 1048576K
}
Event: 114.594 GC heap before
{Heap before GC invocations=45 (full 0):
 garbage-first heap   total 110592K, used 102926K [0x00000006c5800000, 0x00000007c0000000)
  region size 2048K, 24 young (49152K), 2 survivors (4096K)
 Metaspace       used 84554K, committed 86272K, reserved 1179648K
  class space    used 8690K, committed 9408K, reserved 1048576K
}
Event: 114.598 GC heap after
{Heap after GC invocations=46 (full 0):
 garbage-first heap   total 110592K, used 56586K [0x00000006c5800000, 0x00000007c0000000)
  region size 2048K, 2 young (4096K), 2 survivors (4096K)
 Metaspace       used 84554K, committed 86272K, reserved 1179648K
  class space    used 8690K, committed 9408K, reserved 1048576K
}
Event: 139.990 GC heap before
{Heap before GC invocations=46 (full 0):
 garbage-first heap   total 110592K, used 99594K [0x00000006c5800000, 0x00000007c0000000)
  region size 2048K, 24 young (49152K), 2 survivors (4096K)
 Metaspace       used 84741K, committed 86464K, reserved 1179648K
  class space    used 8698K, committed 9408K, reserved 1048576K
}
Event: 139.994 GC heap after
{Heap after GC invocations=47 (full 0):
 garbage-first heap   total 110592K, used 55547K [0x00000006c5800000, 0x00000007c0000000)
  region size 2048K, 2 young (4096K), 2 survivors (4096K)
 Metaspace       used 84741K, committed 86464K, reserved 1179648K
  class space    used 8698K, committed 9408K, reserved 1048576K
}
Event: 142.299 GC heap before
{Heap before GC invocations=47 (full 0):
 garbage-first heap   total 110592K, used 100603K [0x00000006c5800000, 0x00000007c0000000)
  region size 2048K, 24 young (49152K), 2 survivors (4096K)
 Metaspace       used 84998K, committed 86656K, reserved 1179648K
  class space    used 8704K, committed 9408K, reserved 1048576K
}
Event: 142.301 GC heap after
{Heap after GC invocations=48 (full 0):
 garbage-first heap   total 110592K, used 55154K [0x00000006c5800000, 0x00000007c0000000)
  region size 2048K, 2 young (4096K), 2 survivors (4096K)
 Metaspace       used 84998K, committed 86656K, reserved 1179648K
  class space    used 8704K, committed 9408K, reserved 1048576K
}
Event: 144.580 GC heap before
{Heap before GC invocations=49 (full 0):
 garbage-first heap   total 110592K, used 98162K [0x00000006c5800000, 0x00000007c0000000)
  region size 2048K, 24 young (49152K), 2 survivors (4096K)
 Metaspace       used 85108K, committed 86784K, reserved 1179648K
  class space    used 8704K, committed 9408K, reserved 1048576K
}
Event: 144.582 GC heap after
{Heap after GC invocations=50 (full 0):
 garbage-first heap   total 110592K, used 55179K [0x00000006c5800000, 0x00000007c0000000)
  region size 2048K, 2 young (4096K), 2 survivors (4096K)
 Metaspace       used 85108K, committed 86784K, reserved 1179648K
  class space    used 8704K, committed 9408K, reserved 1048576K
}
Event: 147.457 GC heap before
{Heap before GC invocations=50 (full 0):
 garbage-first heap   total 110592K, used 100235K [0x00000006c5800000, 0x00000007c0000000)
  region size 2048K, 24 young (49152K), 2 survivors (4096K)
 Metaspace       used 85312K, committed 87040K, reserved 1179648K
  class space    used 8705K, committed 9408K, reserved 1048576K
}
Event: 147.461 GC heap after
{Heap after GC invocations=51 (full 0):
 garbage-first heap   total 110592K, used 53970K [0x00000006c5800000, 0x00000007c0000000)
  region size 2048K, 2 young (4096K), 2 survivors (4096K)
 Metaspace       used 85312K, committed 87040K, reserved 1179648K
  class space    used 8705K, committed 9408K, reserved 1048576K
}
Event: 231.089 GC heap before
{Heap before GC invocations=51 (full 0):
 garbage-first heap   total 110592K, used 96978K [0x00000006c5800000, 0x00000007c0000000)
  region size 2048K, 24 young (49152K), 2 survivors (4096K)
 Metaspace       used 85462K, committed 87104K, reserved 1179648K
  class space    used 8705K, committed 9408K, reserved 1048576K
}
Event: 231.092 GC heap after
{Heap after GC invocations=52 (full 0):
 garbage-first heap   total 110592K, used 53640K [0x00000006c5800000, 0x00000007c0000000)
  region size 2048K, 2 young (4096K), 2 survivors (4096K)
 Metaspace       used 85462K, committed 87104K, reserved 1179648K
  class space    used 8705K, committed 9408K, reserved 1048576K
}
Event: 233.149 GC heap before
{Heap before GC invocations=53 (full 0):
 garbage-first heap   total 110592K, used 76168K [0x00000006c5800000, 0x00000007c0000000)
  region size 2048K, 14 young (28672K), 2 survivors (4096K)
 Metaspace       used 85543K, committed 87232K, reserved 1179648K
  class space    used 8705K, committed 9408K, reserved 1048576K
}
Event: 233.153 GC heap after
{Heap after GC invocations=54 (full 0):
 garbage-first heap   total 110592K, used 53009K [0x00000006c5800000, 0x00000007c0000000)
  region size 2048K, 1 young (2048K), 1 survivors (2048K)
 Metaspace       used 85543K, committed 87232K, reserved 1179648K
  class space    used 8705K, committed 9408K, reserved 1048576K
}

